  imgui.cpp
  imgui_demo.cpp
  imgui_draw.cpp
  imgui_tables.cpp
  imgui_widgets.cpp
  BaseComponent.cpp
  Command.cpp
  Controller.cpp
  Font.cpp
  FpsComponent.cpp
  GameObject.cpp
  HealthComponent.cpp
  imgui_impl_opengl3.cpp
  imgui_impl_sdl2.cpp
  imgui_plot.cpp
  InputManager.cpp
  HealthDisplayComponent.cpp
  Minigin.cpp
  Observer.cpp
  ScoreDisplayComponent.cpp
  Generating Code...
  Compiling...
  RenderComponent.cpp
  Renderer.cpp
  ResourceManager.cpp
  RotatingComponent.cpp
  Scene.cpp
  SceneManager.cpp
  ScoreComponent.cpp
  SoundSystem.cpp
  TextComponent.cpp
  Texture2D.cpp
  Transform.cpp
  TrashTheCache.cpp
  Generating Code...
  Minigin.vcxproj -> C:\Prog4\GameEngine\Prog4Engine\x64\Debug\Minigin.lib
  C:\Prog4\GameEngine\Prog4Engine\3rdParty\SDL2\lib\x64\SDL2.dll
  1 File(s) copied
  C:\Prog4\GameEngine\Prog4Engine\3rdParty\SDL2_image\lib\x64\SDL2_image.dll
  1 File(s) copied
  C:\Prog4\GameEngine\Prog4Engine\3rdParty\SDL2_ttf\lib\x64\SDL2_ttf.dll
  1 File(s) copied
  C:\Prog4\GameEngine\Prog4Engine\3rdParty\SDL2_mixer\lib\x64\SDL2_mixer.dll
  1 File(s) copied
